2023-08-18 14:54:51.322644+05:30 Exiting Long STRADDLE FOR 
RELIANCE23AUG2540CE Of Quantity 1250 
and
RELIANCE23AUG2580PE of Quantity 1250
2023-08-18 14:54:51.721770+05:30 For ChaitanyaMurarka Checking Short Exit Condtion for RELIANCE with current CE ltp 43.75 & PE ltp 42
2023-08-18 14:54:51.834546+05:30 Exiting Long STRADDLE FOR 
HDFCBANK23AUG1590CE Of Quantity 1100 
and
HDFCBANK23AUG1630PE of Quantity 1100
2023-08-18 14:54:52.220631+05:30 For ChaitanyaMurarka Checking Short Exit Condtion for HDFCBANK with current CE ltp 17.3 & PE ltp 32.45
2023-08-18 14:54:52.337063+05:30 Exiting Long STRADDLE FOR 
INFY23AUG1410CE Of Quantity 1200 
and
INFY23AUG1420PE of Quantity 1200
2023-08-18 14:54:52.715839+05:30 For ChaitanyaMurarka Checking Short Exit Condtion for INFY with current CE ltp 5.55 & PE ltp 26.6
2023-08-18 14:54:52.715839+05:30 Exiting SHORT STRADDLE FOR 
INFY23AUG1420CE Of Quantity -1200 
and
INFY23AUG1410PE of Quantity -1200
2023-08-18 14:54:52.847570+05:30 Exiting Long STRADDLE FOR 
SBIN23AUG560CE Of Quantity 12000 
and
SBIN23AUG575PE of Quantity 12000
2023-08-18 14:54:53.236020+05:30 For ChaitanyaMurarka Checking Short Exit Condtion for SBIN with current CE ltp 14.1 & PE ltp 6.3
2023-08-18 14:54:53.236020+05:30 Exiting SHORT STRADDLE FOR 
SBIN23AUG565CE Of Quantity -12000 
and
SBIN23AUG570PE of Quantity -12000
2023-08-18 14:54:53.361826+05:30 Exiting Long STRADDLE FOR 
BHARTIARTL23AUG850CE Of Quantity 950 
and
BHARTIARTL23AUG860PE of Quantity 950
2023-08-18 14:54:53.754906+05:30 For ChaitanyaMurarka Checking Short Exit Condtion for BHARTIARTL with current CE ltp 10.15 & PE ltp 7.4
2023-08-18 14:54:54.551476+05:30 For ChaitanyaMurarka Checking Short Exit Condtion for RELIANCE with current CE ltp 43.65 & PE ltp 42
2023-08-18 14:54:55.029943+05:30 For ChaitanyaMurarka Checking Short Exit Condtion for HDFCBANK with current CE ltp 17.3 & PE ltp 32.45
Scanning Entry Short Straddle Option Chain for INFY
2023-08-18 14:54:55.509527+05:30 ENTERING SHORT STRADDLE FOR 
INFY23AUG1390CE OF LOT SIZE 400 & 3 lots
and
INFY23AUG1390PE of LOT SIZE 400 & 3 lots
2023-08-18 14:54:55.678262+05:30 For ChaitanyaMurarka Checking Short Exit Condtion for INFY with current CE ltp 15.75 & PE ltp 14.4
Scanning Entry Short Straddle Option Chain for SBIN
2023-08-18 14:54:56.116472+05:30 ENTERING SHORT STRADDLE FOR 
SBIN23AUG575CE OF LOT SIZE 1500 & 8 lots
and
SBIN23AUG575PE of LOT SIZE 1500 & 8 lots
2023-08-18 14:54:56.286852+05:30 For ChaitanyaMurarka Checking Short Exit Condtion for SBIN with current CE ltp 8.45 & PE ltp 8.7
2023-08-18 14:54:56.717954+05:30 For ChaitanyaMurarka Checking Short Exit Condtion for BHARTIARTL with current CE ltp 10.15 & PE ltp 7.4
2023-08-18 14:54:57.491298+05:30 For ChaitanyaMurarka Checking Short Exit Condtion for RELIANCE with current CE ltp 43.7 & PE ltp 42
2023-08-18 14:54:57.922234+05:30 For ChaitanyaMurarka Checking Short Exit Condtion for HDFCBANK with current CE ltp 17.3 & PE ltp 32.45
2023-08-18 14:54:58.354664+05:30 For ChaitanyaMurarka Checking Short Exit Condtion for INFY with current CE ltp 16.35 & PE ltp 14.2
2023-08-18 14:54:58.799348+05:30 For ChaitanyaMurarka Checking Short Exit Condtion for SBIN with current CE ltp 8.45 & PE ltp 8.7
2023-08-18 14:54:59.237825+05:30 For ChaitanyaMurarka Checking Short Exit Condtion for BHARTIARTL with current CE ltp 10.15 & PE ltp 7.45
2023-08-18 14:55:00.010547+05:30 For ChaitanyaMurarka Checking Short Exit Condtion for RELIANCE with current CE ltp 43.75 & PE ltp 42
2023-08-18 14:55:00.443982+05:30 For ChaitanyaMurarka Checking Short Exit Condtion for HDFCBANK with current CE ltp 17.3 & PE ltp 32.45
2023-08-18 14:55:00.877474+05:30 For ChaitanyaMurarka Checking Short Exit Condtion for INFY with current CE ltp 16.25 & PE ltp 13.95
2023-08-18 14:55:01.310307+05:30 For ChaitanyaMurarka Checking Short Exit Condtion for SBIN with current CE ltp 8.45 & PE ltp 8.75
2023-08-18 14:55:01.727337+05:30 For ChaitanyaMurarka Checking Short Exit Condtion for BHARTIARTL with current CE ltp 10.15 & PE ltp 7.45
2023-08-18 14:55:02.498743+05:30 For ChaitanyaMurarka Checking Short Exit Condtion for RELIANCE with current CE ltp 43.7 & PE ltp 42
2023-08-18 14:55:02.951032+05:30 For ChaitanyaMurarka Checking Short Exit Condtion for HDFCBANK with current CE ltp 17.3 & PE ltp 32.3
2023-08-18 14:55:03.402378+05:30 For ChaitanyaMurarka Checking Short Exit Condtion for INFY with current CE ltp 16 & PE ltp 14
2023-08-18 14:55:03.866175+05:30 For ChaitanyaMurarka Checking Short Exit Condtion for SBIN with current CE ltp 8.4 & PE ltp 8.8
2023-08-18 14:55:04.351872+05:30 For ChaitanyaMurarka Checking Short Exit Condtion for BHARTIARTL with current CE ltp 10.15 & PE ltp 7.25
2023-08-18 14:55:05.369869+05:30 For ChaitanyaMurarka Checking Short Exit Condtion for RELIANCE with current CE ltp 43.65 & PE ltp 42
2023-08-18 14:55:05.793259+05:30 For ChaitanyaMurarka Checking Short Exit Condtion for HDFCBANK with current CE ltp 17.35 & PE ltp 32.3
2023-08-18 14:55:06.241260+05:30 For ChaitanyaMurarka Checking Short Exit Condtion for INFY with current CE ltp 16 & PE ltp 14
2023-08-18 14:55:06.727650+05:30 For ChaitanyaMurarka Checking Short Exit Condtion for SBIN with current CE ltp 8.4 & PE ltp 8.8
2023-08-18 14:55:07.160341+05:30 For ChaitanyaMurarka Checking Short Exit Condtion for BHARTIARTL with current CE ltp 10.15 & PE ltp 7.25
2023-08-18 14:55:07.935064+05:30 For ChaitanyaMurarka Checking Short Exit Condtion for RELIANCE with current CE ltp 43.7 & PE ltp 42
2023-08-18 14:55:08.371548+05:30 For ChaitanyaMurarka Checking Short Exit Condtion for HDFCBANK with current CE ltp 17.35 & PE ltp 32.3
2023-08-18 14:55:08.799636+05:30 For ChaitanyaMurarka Checking Short Exit Condtion for INFY with current CE ltp 16.15 & PE ltp 13.9
2023-08-18 14:55:09.269367+05:30 For ChaitanyaMurarka Checking Short Exit Condtion for SBIN with current CE ltp 8.35 & PE ltp 8.8
2023-08-18 14:55:09.702005+05:30 For ChaitanyaMurarka Checking Short Exit Condtion for BHARTIARTL with current CE ltp 10.3 & PE ltp 7.25
2023-08-18 14:55:10.458773+05:30 For ChaitanyaMurarka Checking Short Exit Condtion for RELIANCE with current CE ltp 43.8 & PE ltp 41.8
2023-08-18 14:55:10.907833+05:30 For ChaitanyaMurarka Checking Short Exit Condtion for HDFCBANK with current CE ltp 17.35 & PE ltp 32.3
2023-08-18 14:55:11.339647+05:30 For ChaitanyaMurarka Checking Short Exit Condtion for INFY with current CE ltp 16.15 & PE ltp 13.9
2023-08-18 14:55:11.776265+05:30 For ChaitanyaMurarka Checking Short Exit Condtion for SBIN with current CE ltp 8.35 & PE ltp 8.8
2023-08-18 14:55:12.193407+05:30 For ChaitanyaMurarka Checking Short Exit Condtion for BHARTIARTL with current CE ltp 10.3 & PE ltp 7.25
2023-08-18 14:55:12.967716+05:30 For ChaitanyaMurarka Checking Short Exit Condtion for RELIANCE with current CE ltp 43.85 & PE ltp 41.85
2023-08-18 14:55:13.412344+05:30 For ChaitanyaMurarka Checking Short Exit Condtion for HDFCBANK with current CE ltp 17.35 & PE ltp 32.3
2023-08-18 14:55:13.844936+05:30 For ChaitanyaMurarka Checking Short Exit Condtion for INFY with current CE ltp 16.15 & PE ltp 13.9
2023-08-18 14:55:14.265899+05:30 For ChaitanyaMurarka Checking Short Exit Condtion for SBIN with current CE ltp 8.35 & PE ltp 8.8
2023-08-18 14:55:14.700233+05:30 For ChaitanyaMurarka Checking Short Exit Condtion for BHARTIARTL with current CE ltp 10.3 & PE ltp 7.25
2023-08-18 14:55:15.507018+05:30 For ChaitanyaMurarka Checking Short Exit Condtion for RELIANCE with current CE ltp 44 & PE ltp 41.65
2023-08-18 14:55:15.957790+05:30 For ChaitanyaMurarka Checking Short Exit Condtion for HDFCBANK with current CE ltp 17.35 & PE ltp 32.3
2023-08-18 14:55:16.405839+05:30 For ChaitanyaMurarka Checking Short Exit Condtion for INFY with current CE ltp 16.15 & PE ltp 13.9
2023-08-18 14:55:16.837136+05:30 For ChaitanyaMurarka Checking Short Exit Condtion for SBIN with current CE ltp 8.35 & PE ltp 8.8
2023-08-18 14:55:17.287088+05:30 For ChaitanyaMurarka Checking Short Exit Condtion for BHARTIARTL with current CE ltp 10.3 & PE ltp 7.25
2023-08-18 14:55:18.094163+05:30 For ChaitanyaMurarka Checking Short Exit Condtion for RELIANCE with current CE ltp 44 & PE ltp 41.65
2023-08-18 14:55:18.525595+05:30 For ChaitanyaMurarka Checking Short Exit Condtion for HDFCBANK with current CE ltp 17.35 & PE ltp 32.3
2023-08-18 14:55:18.978383+05:30 For ChaitanyaMurarka Checking Short Exit Condtion for INFY with current CE ltp 16.15 & PE ltp 13.9
2023-08-18 14:55:19.421790+05:30 For ChaitanyaMurarka Checking Short Exit Condtion for SBIN with current CE ltp 8.35 & PE ltp 8.8
2023-08-18 14:55:19.843597+05:30 For ChaitanyaMurarka Checking Short Exit Condtion for BHARTIARTL with current CE ltp 10.3 & PE ltp 7.25
2023-08-18 14:55:20.619633+05:30 For ChaitanyaMurarka Checking Short Exit Condtion for RELIANCE with current CE ltp 44.55 & PE ltp 41.65
2023-08-18 14:55:21.042825+05:30 For ChaitanyaMurarka Checking Short Exit Condtion for HDFCBANK with current CE ltp 17.45 & PE ltp 32.3
2023-08-18 14:55:21.482903+05:30 For ChaitanyaMurarka Checking Short Exit Condtion for INFY with current CE ltp 16.15 & PE ltp 13.9
2023-08-18 14:55:21.924188+05:30 For ChaitanyaMurarka Checking Short Exit Condtion for SBIN with current CE ltp 8.4 & PE ltp 8.8
2023-08-18 14:55:22.355948+05:30 For ChaitanyaMurarka Checking Short Exit Condtion for BHARTIARTL with current CE ltp 10.3 & PE ltp 7.2
2023-08-18 14:55:23.123191+05:30 For ChaitanyaMurarka Checking Short Exit Condtion for RELIANCE with current CE ltp 44.4 & PE ltp 41.25
2023-08-18 14:55:23.556735+05:30 For ChaitanyaMurarka Checking Short Exit Condtion for HDFCBANK with current CE ltp 17.45 & PE ltp 32.3
2023-08-18 14:55:23.988013+05:30 For ChaitanyaMurarka Checking Short Exit Condtion for INFY with current CE ltp 16.15 & PE ltp 13.9
2023-08-18 14:55:24.410773+05:30 For ChaitanyaMurarka Checking Short Exit Condtion for SBIN with current CE ltp 8.4 & PE ltp 8.8
2023-08-18 14:55:24.859550+05:30 For ChaitanyaMurarka Checking Short Exit Condtion for BHARTIARTL with current CE ltp 10.3 & PE ltp 7.2
2023-08-18 14:55:25.615501+05:30 For ChaitanyaMurarka Checking Short Exit Condtion for RELIANCE with current CE ltp 44.55 & PE ltp 40.85
2023-08-18 14:55:26.064155+05:30 For ChaitanyaMurarka Checking Short Exit Condtion for HDFCBANK with current CE ltp 17.5 & PE ltp 32.3
2023-08-18 14:55:26.485110+05:30 For ChaitanyaMurarka Checking Short Exit Condtion for INFY with current CE ltp 16.15 & PE ltp 13.9
2023-08-18 14:55:26.920083+05:30 For ChaitanyaMurarka Checking Short Exit Condtion for SBIN with current CE ltp 8.4 & PE ltp 8.8
2023-08-18 14:55:27.351892+05:30 For ChaitanyaMurarka Checking Short Exit Condtion for BHARTIARTL with current CE ltp 10.35 & PE ltp 7.2
2023-08-18 14:55:28.125160+05:30 For ChaitanyaMurarka Checking Short Exit Condtion for RELIANCE with current CE ltp 44.8 & PE ltp 40.65
2023-08-18 14:55:28.554380+05:30 For ChaitanyaMurarka Checking Short Exit Condtion for HDFCBANK with current CE ltp 17.45 & PE ltp 32.3
2023-08-18 14:55:28.986902+05:30 For ChaitanyaMurarka Checking Short Exit Condtion for INFY with current CE ltp 16.15 & PE ltp 13.9
2023-08-18 14:55:29.426674+05:30 For ChaitanyaMurarka Checking Short Exit Condtion for SBIN with current CE ltp 8.4 & PE ltp 8.8
2023-08-18 14:55:29.859627+05:30 For ChaitanyaMurarka Checking Short Exit Condtion for BHARTIARTL with current CE ltp 10.35 & PE ltp 7.2
2023-08-18 14:55:30.630740+05:30 For ChaitanyaMurarka Checking Short Exit Condtion for RELIANCE with current CE ltp 45 & PE ltp 40.7
2023-08-18 14:55:31.078992+05:30 For ChaitanyaMurarka Checking Short Exit Condtion for HDFCBANK with current CE ltp 17.4 & PE ltp 32.3
2023-08-18 14:55:31.499761+05:30 For ChaitanyaMurarka Checking Short Exit Condtion for INFY with current CE ltp 16.35 & PE ltp 13.9
2023-08-18 14:55:31.933798+05:30 For ChaitanyaMurarka Checking Short Exit Condtion for SBIN with current CE ltp 8.4 & PE ltp 8.8
2023-08-18 14:55:32.366580+05:30 For ChaitanyaMurarka Checking Short Exit Condtion for BHARTIARTL with current CE ltp 10.35 & PE ltp 7.2
2023-08-18 14:55:33.124882+05:30 For ChaitanyaMurarka Checking Short Exit Condtion for RELIANCE with current CE ltp 44.95 & PE ltp 40.7
2023-08-18 14:55:33.539660+05:30 For ChaitanyaMurarka Checking Short Exit Condtion for HDFCBANK with current CE ltp 17.4 & PE ltp 32.3
2023-08-18 14:55:33.988439+05:30 For ChaitanyaMurarka Checking Short Exit Condtion for INFY with current CE ltp 16.5 & PE ltp 13.9
2023-08-18 14:55:34.409573+05:30 For ChaitanyaMurarka Checking Short Exit Condtion for SBIN with current CE ltp 8.4 & PE ltp 8.85
2023-08-18 14:55:34.844834+05:30 For ChaitanyaMurarka Checking Short Exit Condtion for BHARTIARTL with current CE ltp 10.35 & PE ltp 7.2
2023-08-18 14:55:35.605642+05:30 For ChaitanyaMurarka Checking Short Exit Condtion for RELIANCE with current CE ltp 44.95 & PE ltp 40.75
2023-08-18 14:55:36.033197+05:30 For ChaitanyaMurarka Checking Short Exit Condtion for HDFCBANK with current CE ltp 17.4 & PE ltp 32
2023-08-18 14:55:36.465443+05:30 For ChaitanyaMurarka Checking Short Exit Condtion for INFY with current CE ltp 16.5 & PE ltp 13.9
2023-08-18 14:55:36.898280+05:30 For ChaitanyaMurarka Checking Short Exit Condtion for SBIN with current CE ltp 8.4 & PE ltp 8.85
2023-08-18 14:55:37.330414+05:30 For ChaitanyaMurarka Checking Short Exit Condtion for BHARTIARTL with current CE ltp 10.3 & PE ltp 7.2
2023-08-18 14:55:38.086536+05:30 For ChaitanyaMurarka Checking Short Exit Condtion for RELIANCE with current CE ltp 45 & PE ltp 40.75
2023-08-18 14:55:38.522350+05:30 For ChaitanyaMurarka Checking Short Exit Condtion for HDFCBANK with current CE ltp 17.4 & PE ltp 32.05
2023-08-18 14:55:38.957453+05:30 For ChaitanyaMurarka Checking Short Exit Condtion for INFY with current CE ltp 16.5 & PE ltp 13.9
2023-08-18 14:55:39.390207+05:30 For ChaitanyaMurarka Checking Short Exit Condtion for SBIN with current CE ltp 8.4 & PE ltp 8.8
2023-08-18 14:55:40.091347+05:30 For ChaitanyaMurarka Checking Short Exit Condtion for BHARTIARTL with current CE ltp 10.3 & PE ltp 7.2
2023-08-18 14:55:41.094356+05:30 For ChaitanyaMurarka Checking Short Exit Condtion for RELIANCE with current CE ltp 45.35 & PE ltp 40.6
2023-08-18 14:55:41.843724+05:30 For ChaitanyaMurarka Checking Short Exit Condtion for HDFCBANK with current CE ltp 17.55 & PE ltp 32.05
2023-08-18 14:55:42.329601+05:30 For ChaitanyaMurarka Checking Short Exit Condtion for INFY with current CE ltp 16.9 & PE ltp 13.9
2023-08-18 14:55:42.916110+05:30 For ChaitanyaMurarka Checking Short Exit Condtion for SBIN with current CE ltp 8.4 & PE ltp 8.8
2023-08-18 14:55:43.433204+05:30 For ChaitanyaMurarka Checking Short Exit Condtion for BHARTIARTL with current CE ltp 10.3 & PE ltp 7.2
2023-08-18 14:55:44.328482+05:30 For ChaitanyaMurarka Checking Short Exit Condtion for RELIANCE with current CE ltp 45.25 & PE ltp 40.75
2023-08-18 14:55:44.767591+05:30 For ChaitanyaMurarka Checking Short Exit Condtion for HDFCBANK with current CE ltp 17.55 & PE ltp 32.05
2023-08-18 14:55:45.201435+05:30 For ChaitanyaMurarka Checking Short Exit Condtion for INFY with current CE ltp 16.9 & PE ltp 13.25
2023-08-18 14:55:45.646838+05:30 For ChaitanyaMurarka Checking Short Exit Condtion for SBIN with current CE ltp 8.4 & PE ltp 8.8
2023-08-18 14:55:46.095620+05:30 For ChaitanyaMurarka Checking Short Exit Condtion for BHARTIARTL with current CE ltp 10.3 & PE ltp 7.2
2023-08-18 14:55:46.861077+05:30 For ChaitanyaMurarka Checking Short Exit Condtion for RELIANCE with current CE ltp 45.15 & PE ltp 40.75
2023-08-18 14:55:47.311463+05:30 For ChaitanyaMurarka Checking Short Exit Condtion for HDFCBANK with current CE ltp 17.55 & PE ltp 32.05
2023-08-18 14:55:47.741854+05:30 For ChaitanyaMurarka Checking Short Exit Condtion for INFY with current CE ltp 16.9 & PE ltp 13.25
2023-08-18 14:55:48.195945+05:30 For ChaitanyaMurarka Checking Short Exit Condtion for SBIN with current CE ltp 8.3 & PE ltp 8.85
2023-08-18 14:55:48.651381+05:30 For ChaitanyaMurarka Checking Short Exit Condtion for BHARTIARTL with current CE ltp 10.3 & PE ltp 7.25
2023-08-18 14:55:49.439404+05:30 For ChaitanyaMurarka Checking Short Exit Condtion for RELIANCE with current CE ltp 45.55 & PE ltp 40.8
2023-08-18 14:55:49.864278+05:30 For ChaitanyaMurarka Checking Short Exit Condtion for HDFCBANK with current CE ltp 17.55 & PE ltp 32.05
2023-08-18 14:55:50.308596+05:30 For ChaitanyaMurarka Checking Short Exit Condtion for INFY with current CE ltp 16.9 & PE ltp 13.6
2023-08-18 14:55:50.748850+05:30 For ChaitanyaMurarka Checking Short Exit Condtion for SBIN with current CE ltp 8.3 & PE ltp 8.85
2023-08-18 14:55:51.193582+05:30 For ChaitanyaMurarka Checking Short Exit Condtion for BHARTIARTL with current CE ltp 10.3 & PE ltp 7.25
2023-08-18 14:55:51.969029+05:30 For ChaitanyaMurarka Checking Short Exit Condtion for RELIANCE with current CE ltp 45.65 & PE ltp 40.15
2023-08-18 14:55:52.413134+05:30 For ChaitanyaMurarka Checking Short Exit Condtion for HDFCBANK with current CE ltp 17.55 & PE ltp 32.05
2023-08-18 14:55:52.840470+05:30 For ChaitanyaMurarka Checking Short Exit Condtion for INFY with current CE ltp 16.55 & PE ltp 13.65
2023-08-18 14:55:53.289035+05:30 For ChaitanyaMurarka Checking Short Exit Condtion for SBIN with current CE ltp 8.3 & PE ltp 8.85
2023-08-18 14:55:53.706046+05:30 For ChaitanyaMurarka Checking Short Exit Condtion for BHARTIARTL with current CE ltp 10.1 & PE ltp 7.25
2023-08-18 14:55:54.477691+05:30 For ChaitanyaMurarka Checking Short Exit Condtion for RELIANCE with current CE ltp 45.8 & PE ltp 40.1
2023-08-18 14:55:54.926235+05:30 For ChaitanyaMurarka Checking Short Exit Condtion for HDFCBANK with current CE ltp 17.55 & PE ltp 32.05
2023-08-18 14:55:55.362179+05:30 For ChaitanyaMurarka Checking Short Exit Condtion for INFY with current CE ltp 16.55 & PE ltp 13.65
2023-08-18 14:55:55.830764+05:30 For ChaitanyaMurarka Checking Short Exit Condtion for SBIN with current CE ltp 8.3 & PE ltp 8.85
2023-08-18 14:55:56.249371+05:30 For ChaitanyaMurarka Checking Short Exit Condtion for BHARTIARTL with current CE ltp 10.1 & PE ltp 7.25
2023-08-18 14:55:57.029580+05:30 For ChaitanyaMurarka Checking Short Exit Condtion for RELIANCE with current CE ltp 46 & PE ltp 40.4
2023-08-18 14:55:57.468968+05:30 For ChaitanyaMurarka Checking Short Exit Condtion for HDFCBANK with current CE ltp 17.5 & PE ltp 32.05
2023-08-18 14:55:57.900794+05:30 For ChaitanyaMurarka Checking Short Exit Condtion for INFY with current CE ltp 16.55 & PE ltp 13.65
2023-08-18 14:55:58.333359+05:30 For ChaitanyaMurarka Checking Short Exit Condtion for SBIN with current CE ltp 8.3 & PE ltp 8.85
2023-08-18 14:55:58.772534+05:30 For ChaitanyaMurarka Checking Short Exit Condtion for BHARTIARTL with current CE ltp 10.1 & PE ltp 7.25
2023-08-18 14:55:59.540860+05:30 For ChaitanyaMurarka Checking Short Exit Condtion for RELIANCE with current CE ltp 45.65 & PE ltp 40.4
2023-08-18 14:55:59.974804+05:30 For ChaitanyaMurarka Checking Short Exit Condtion for HDFCBANK with current CE ltp 17.45 & PE ltp 32.05
2023-08-18 14:56:00.408681+05:30 For ChaitanyaMurarka Checking Short Exit Condtion for INFY with current CE ltp 16.55 & PE ltp 13.65
2023-08-18 14:56:00.854852+05:30 For ChaitanyaMurarka Checking Short Exit Condtion for SBIN with current CE ltp 8.3 & PE ltp 8.85
2023-08-18 14:56:01.294206+05:30 For ChaitanyaMurarka Checking Short Exit Condtion for BHARTIARTL with current CE ltp 10.1 & PE ltp 7.25
2023-08-18 14:56:02.066080+05:30 For ChaitanyaMurarka Checking Short Exit Condtion for RELIANCE with current CE ltp 45.7 & PE ltp 40.4
2023-08-18 14:56:02.514421+05:30 For ChaitanyaMurarka Checking Short Exit Condtion for HDFCBANK with current CE ltp 17.45 & PE ltp 32.05
2023-08-18 14:56:02.946756+05:30 For ChaitanyaMurarka Checking Short Exit Condtion for INFY with current CE ltp 16.55 & PE ltp 13.65
2023-08-18 14:56:03.370295+05:30 For ChaitanyaMurarka Checking Short Exit Condtion for SBIN with current CE ltp 8.3 & PE ltp 8.85
2023-08-18 14:56:03.803050+05:30 For ChaitanyaMurarka Checking Short Exit Condtion for BHARTIARTL with current CE ltp 10.1 & PE ltp 7.25
2023-08-18 14:56:04.636263+05:30 For ChaitanyaMurarka Checking Short Exit Condtion for RELIANCE with current CE ltp 45.3 & PE ltp 40.85
2023-08-18 14:56:05.106639+05:30 For ChaitanyaMurarka Checking Short Exit Condtion for HDFCBANK with current CE ltp 17.4 & PE ltp 32.05
2023-08-18 14:56:05.592436+05:30 For ChaitanyaMurarka Checking Short Exit Condtion for INFY with current CE ltp 16.55 & PE ltp 13.65
2023-08-18 14:56:06.057898+05:30 For ChaitanyaMurarka Checking Short Exit Condtion for SBIN with current CE ltp 8.3 & PE ltp 8.85
2023-08-18 14:56:06.642027+05:30 For ChaitanyaMurarka Checking Short Exit Condtion for BHARTIARTL with current CE ltp 10.1 & PE ltp 7.25
2023-08-18 14:56:07.413145+05:30 For ChaitanyaMurarka Checking Short Exit Condtion for RELIANCE with current CE ltp 45.5 & PE ltp 40.85
2023-08-18 14:56:07.861593+05:30 For ChaitanyaMurarka Checking Short Exit Condtion for HDFCBANK with current CE ltp 17.4 & PE ltp 32.05
2023-08-18 14:56:08.284492+05:30 For ChaitanyaMurarka Checking Short Exit Condtion for INFY with current CE ltp 16.75 & PE ltp 13.65
2023-08-18 14:56:08.716941+05:30 For ChaitanyaMurarka Checking Short Exit Condtion for SBIN with current CE ltp 8.3 & PE ltp 8.8
2023-08-18 14:56:09.180238+05:30 For ChaitanyaMurarka Checking Short Exit Condtion for BHARTIARTL with current CE ltp 10.1 & PE ltp 7.25
2023-08-18 14:56:09.953893+05:30 For ChaitanyaMurarka Checking Short Exit Condtion for RELIANCE with current CE ltp 45.4 & PE ltp 40.85
2023-08-18 14:56:10.391518+05:30 For ChaitanyaMurarka Checking Short Exit Condtion for HDFCBANK with current CE ltp 17.4 & PE ltp 32.05
2023-08-18 14:56:10.824615+05:30 For ChaitanyaMurarka Checking Short Exit Condtion for INFY with current CE ltp 16.9 & PE ltp 13.65
2023-08-18 14:56:11.245877+05:30 For ChaitanyaMurarka Checking Short Exit Condtion for SBIN with current CE ltp 8.3 & PE ltp 8.8
2023-08-18 14:56:11.681616+05:30 For ChaitanyaMurarka Checking Short Exit Condtion for BHARTIARTL with current CE ltp 10.1 & PE ltp 7.25
2023-08-18 14:56:12.476180+05:30 For ChaitanyaMurarka Checking Short Exit Condtion for RELIANCE with current CE ltp 45 & PE ltp 41.15
2023-08-18 14:56:12.913669+05:30 For ChaitanyaMurarka Checking Short Exit Condtion for HDFCBANK with current CE ltp 17.4 & PE ltp 32.05
2023-08-18 14:56:13.346480+05:30 For ChaitanyaMurarka Checking Short Exit Condtion for INFY with current CE ltp 16.9 & PE ltp 13.65
2023-08-18 14:56:13.763303+05:30 For ChaitanyaMurarka Checking Short Exit Condtion for SBIN with current CE ltp 8.35 & PE ltp 8.8
2023-08-18 14:56:14.191622+05:30 For ChaitanyaMurarka Checking Short Exit Condtion for BHARTIARTL with current CE ltp 10.1 & PE ltp 7.25
2023-08-18 14:56:14.952155+05:30 For ChaitanyaMurarka Checking Short Exit Condtion for RELIANCE with current CE ltp 45.4 & PE ltp 41.15
2023-08-18 14:56:15.384781+05:30 For ChaitanyaMurarka Checking Short Exit Condtion for HDFCBANK with current CE ltp 17.4 & PE ltp 32.05
2023-08-18 14:56:15.823880+05:30 For ChaitanyaMurarka Checking Short Exit Condtion for INFY with current CE ltp 16.9 & PE ltp 13.65
2023-08-18 14:56:16.256195+05:30 For ChaitanyaMurarka Checking Short Exit Condtion for SBIN with current CE ltp 8.35 & PE ltp 8.85
2023-08-18 14:56:16.692250+05:30 For ChaitanyaMurarka Checking Short Exit Condtion for BHARTIARTL with current CE ltp 10.1 & PE ltp 7.25
2023-08-18 14:56:17.473821+05:30 For ChaitanyaMurarka Checking Short Exit Condtion for RELIANCE with current CE ltp 45.3 & PE ltp 41
2023-08-18 14:56:17.899814+05:30 For ChaitanyaMurarka Checking Short Exit Condtion for HDFCBANK with current CE ltp 17.4 & PE ltp 32.05
2023-08-18 14:56:18.345717+05:30 For ChaitanyaMurarka Checking Short Exit Condtion for INFY with current CE ltp 16.9 & PE ltp 13.65
2023-08-18 14:56:18.778296+05:30 For ChaitanyaMurarka Checking Short Exit Condtion for SBIN with current CE ltp 8.35 & PE ltp 8.85
2023-08-18 14:56:19.222462+05:30 For ChaitanyaMurarka Checking Short Exit Condtion for BHARTIARTL with current CE ltp 10.1 & PE ltp 7.25
2023-08-18 14:56:20.007603+05:30 For ChaitanyaMurarka Checking Short Exit Condtion for RELIANCE with current CE ltp 45.2 & PE ltp 41.3
2023-08-18 14:56:20.453485+05:30 For ChaitanyaMurarka Checking Short Exit Condtion for HDFCBANK with current CE ltp 17.4 & PE ltp 32.05
2023-08-18 14:56:20.929647+05:30 For ChaitanyaMurarka Checking Short Exit Condtion for INFY with current CE ltp 16.9 & PE ltp 13.65
2023-08-18 14:56:21.356012+05:30 For ChaitanyaMurarka Checking Short Exit Condtion for SBIN with current CE ltp 8.4 & PE ltp 8.85
2023-08-18 14:56:21.797378+05:30 For ChaitanyaMurarka Checking Short Exit Condtion for BHARTIARTL with current CE ltp 10.1 & PE ltp 7.25
2023-08-18 14:56:22.563539+05:30 For ChaitanyaMurarka Checking Short Exit Condtion for RELIANCE with current CE ltp 45.3 & PE ltp 41.3
2023-08-18 14:56:23.003178+05:30 For ChaitanyaMurarka Checking Short Exit Condtion for HDFCBANK with current CE ltp 17.25 & PE ltp 32.05
2023-08-18 14:56:23.542807+05:30 For ChaitanyaMurarka Checking Short Exit Condtion for INFY with current CE ltp 16.9 & PE ltp 13.6
2023-08-18 14:56:23.976013+05:30 For ChaitanyaMurarka Checking Short Exit Condtion for SBIN with current CE ltp 8.4 & PE ltp 8.85
2023-08-18 14:56:24.408761+05:30 For ChaitanyaMurarka Checking Short Exit Condtion for BHARTIARTL with current CE ltp 10.1 & PE ltp 7.4
2023-08-18 14:56:25.180428+05:30 For ChaitanyaMurarka Checking Short Exit Condtion for RELIANCE with current CE ltp 45.4 & PE ltp 41.1
2023-08-18 14:56:25.612931+05:30 For ChaitanyaMurarka Checking Short Exit Condtion for HDFCBANK with current CE ltp 17.25 & PE ltp 32.05
2023-08-18 14:56:26.135737+05:30 For ChaitanyaMurarka Checking Short Exit Condtion for INFY with current CE ltp 16.55 & PE ltp 13.55
2023-08-18 14:56:26.613896+05:30 For ChaitanyaMurarka Checking Short Exit Condtion for SBIN with current CE ltp 8.4 & PE ltp 8.85
2023-08-18 14:56:27.084042+05:30 For ChaitanyaMurarka Checking Short Exit Condtion for BHARTIARTL with current CE ltp 10.1 & PE ltp 7.4
2023-08-18 14:56:28.003560+05:30 For ChaitanyaMurarka Checking Short Exit Condtion for RELIANCE with current CE ltp 45.25 & PE ltp 40.85
2023-08-18 14:56:28.521342+05:30 For ChaitanyaMurarka Checking Short Exit Condtion for HDFCBANK with current CE ltp 17.25 & PE ltp 32.05
2023-08-18 14:56:28.960977+05:30 For ChaitanyaMurarka Checking Short Exit Condtion for INFY with current CE ltp 16.4 & PE ltp 13.55
2023-08-18 14:56:29.405102+05:30 For ChaitanyaMurarka Checking Short Exit Condtion for SBIN with current CE ltp 8.4 & PE ltp 8.9
2023-08-18 14:56:29.837145+05:30 For ChaitanyaMurarka Checking Short Exit Condtion for BHARTIARTL with current CE ltp 10.1 & PE ltp 7.4
2023-08-18 14:56:30.609594+05:30 For ChaitanyaMurarka Checking Short Exit Condtion for RELIANCE with current CE ltp 45.3 & PE ltp 40.85
2023-08-18 14:56:31.040968+05:30 For ChaitanyaMurarka Checking Short Exit Condtion for HDFCBANK with current CE ltp 17.2 & PE ltp 32.05
2023-08-18 14:56:31.473817+05:30 For ChaitanyaMurarka Checking Short Exit Condtion for INFY with current CE ltp 16.4 & PE ltp 13.55
2023-08-18 14:56:31.920036+05:30 For ChaitanyaMurarka Checking Short Exit Condtion for SBIN with current CE ltp 8.4 & PE ltp 8.9
2023-08-18 14:56:32.368094+05:30 For ChaitanyaMurarka Checking Short Exit Condtion for BHARTIARTL with current CE ltp 10.1 & PE ltp 7.4
2023-08-18 14:56:33.162415+05:30 For ChaitanyaMurarka Checking Short Exit Condtion for RELIANCE with current CE ltp 45.15 & PE ltp 41.3
2023-08-18 14:56:33.594435+05:30 For ChaitanyaMurarka Checking Short Exit Condtion for HDFCBANK with current CE ltp 17.25 & PE ltp 32.05
2023-08-18 14:56:34.028390+05:30 For ChaitanyaMurarka Checking Short Exit Condtion for INFY with current CE ltp 16.4 & PE ltp 13.55
2023-08-18 14:56:34.463808+05:30 For ChaitanyaMurarka Checking Short Exit Condtion for SBIN with current CE ltp 8.4 & PE ltp 8.9
2023-08-18 14:56:34.902364+05:30 For ChaitanyaMurarka Checking Short Exit Condtion for BHARTIARTL with current CE ltp 10.1 & PE ltp 7.4
2023-08-18 14:56:35.677441+05:30 For ChaitanyaMurarka Checking Short Exit Condtion for RELIANCE with current CE ltp 45 & PE ltp 41.3
2023-08-18 14:56:36.097737+05:30 For ChaitanyaMurarka Checking Short Exit Condtion for HDFCBANK with current CE ltp 17.3 & PE ltp 32.05
2023-08-18 14:56:36.540060+05:30 For ChaitanyaMurarka Checking Short Exit Condtion for INFY with current CE ltp 16.4 & PE ltp 13.55
2023-08-18 14:56:36.994904+05:30 For ChaitanyaMurarka Checking Short Exit Condtion for SBIN with current CE ltp 8.3 & PE ltp 8.9
2023-08-18 14:56:37.425653+05:30 For ChaitanyaMurarka Checking Short Exit Condtion for BHARTIARTL with current CE ltp 10.1 & PE ltp 7.4
2023-08-18 14:56:38.214797+05:30 For ChaitanyaMurarka Checking Short Exit Condtion for RELIANCE with current CE ltp 45.2 & PE ltp 41.15
2023-08-18 14:56:38.692488+05:30 For ChaitanyaMurarka Checking Short Exit Condtion for HDFCBANK with current CE ltp 17.3 & PE ltp 32.05
2023-08-18 14:56:39.209401+05:30 For ChaitanyaMurarka Checking Short Exit Condtion for INFY with current CE ltp 16.4 & PE ltp 13.55
2023-08-18 14:56:39.726034+05:30 For ChaitanyaMurarka Checking Short Exit Condtion for SBIN with current CE ltp 8.3 & PE ltp 8.9
2023-08-18 14:56:40.554714+05:30 For ChaitanyaMurarka Checking Short Exit Condtion for BHARTIARTL with current CE ltp 10.1 & PE ltp 7.4
2023-08-18 14:56:41.334608+05:30 For ChaitanyaMurarka Checking Short Exit Condtion for RELIANCE with current CE ltp 45.2 & PE ltp 41
2023-08-18 14:56:41.770051+05:30 For ChaitanyaMurarka Checking Short Exit Condtion for HDFCBANK with current CE ltp 17.3 & PE ltp 32.05
2023-08-18 14:56:42.243653+05:30 For ChaitanyaMurarka Checking Short Exit Condtion for INFY with current CE ltp 16.4 & PE ltp 13.45
2023-08-18 14:56:42.727896+05:30 For ChaitanyaMurarka Checking Short Exit Condtion for SBIN with current CE ltp 8.3 & PE ltp 8.9
2023-08-18 14:56:43.193929+05:30 For ChaitanyaMurarka Checking Short Exit Condtion for BHARTIARTL with current CE ltp 10.1 & PE ltp 7.4
2023-08-18 14:56:44.079766+05:30 For ChaitanyaMurarka Checking Short Exit Condtion for RELIANCE with current CE ltp 45.6 & PE ltp 40.5
2023-08-18 14:56:44.507171+05:30 For ChaitanyaMurarka Checking Short Exit Condtion for HDFCBANK with current CE ltp 17.3 & PE ltp 32.05
2023-08-18 14:56:44.933491+05:30 For ChaitanyaMurarka Checking Short Exit Condtion for INFY with current CE ltp 16.45 & PE ltp 13.45
2023-08-18 14:56:45.395996+05:30 For ChaitanyaMurarka Checking Short Exit Condtion for SBIN with current CE ltp 8.3 & PE ltp 8.9
2023-08-18 14:56:45.848335+05:30 For ChaitanyaMurarka Checking Short Exit Condtion for BHARTIARTL with current CE ltp 10.1 & PE ltp 7.4
2023-08-18 14:56:46.670069+05:30 For ChaitanyaMurarka Checking Short Exit Condtion for RELIANCE with current CE ltp 45.4 & PE ltp 40.5
2023-08-18 14:56:47.123341+05:30 For ChaitanyaMurarka Checking Short Exit Condtion for HDFCBANK with current CE ltp 17.2 & PE ltp 32.05
2023-08-18 14:56:47.766428+05:30 For ChaitanyaMurarka Checking Short Exit Condtion for INFY with current CE ltp 16.45 & PE ltp 13.45
2023-08-18 14:56:48.207577+05:30 For ChaitanyaMurarka Checking Short Exit Condtion for SBIN with current CE ltp 8.3 & PE ltp 8.9
2023-08-18 14:56:48.653326+05:30 For ChaitanyaMurarka Checking Short Exit Condtion for BHARTIARTL with current CE ltp 10.1 & PE ltp 7.4
2023-08-18 14:56:49.420848+05:30 For ChaitanyaMurarka Checking Short Exit Condtion for RELIANCE with current CE ltp 45.25 & PE ltp 40.5
2023-08-18 14:56:49.843294+05:30 For ChaitanyaMurarka Checking Short Exit Condtion for HDFCBANK with current CE ltp 17.2 & PE ltp 32.05
2023-08-18 14:56:50.293699+05:30 For ChaitanyaMurarka Checking Short Exit Condtion for INFY with current CE ltp 16.45 & PE ltp 13.45
2023-08-18 14:56:50.721376+05:30 For ChaitanyaMurarka Checking Short Exit Condtion for SBIN with current CE ltp 8.35 & PE ltp 8.9
2023-08-18 14:56:51.164123+05:30 For ChaitanyaMurarka Checking Short Exit Condtion for BHARTIARTL with current CE ltp 10.1 & PE ltp 7.4
2023-08-18 14:56:51.923552+05:30 For ChaitanyaMurarka Checking Short Exit Condtion for RELIANCE with current CE ltp 45.25 & PE ltp 40.5
2023-08-18 14:56:52.371403+05:30 For ChaitanyaMurarka Checking Short Exit Condtion for HDFCBANK with current CE ltp 17.15 & PE ltp 32.05
2023-08-18 14:56:52.787133+05:30 For ChaitanyaMurarka Checking Short Exit Condtion for INFY with current CE ltp 16.4 & PE ltp 13.45
2023-08-18 14:56:53.226292+05:30 For ChaitanyaMurarka Checking Short Exit Condtion for SBIN with current CE ltp 8.3 & PE ltp 8.9
2023-08-18 14:56:53.657377+05:30 For ChaitanyaMurarka Checking Short Exit Condtion for BHARTIARTL with current CE ltp 10.1 & PE ltp 7.4
2023-08-18 14:56:54.425652+05:30 For ChaitanyaMurarka Checking Short Exit Condtion for RELIANCE with current CE ltp 45.7 & PE ltp 40.4
2023-08-18 14:56:54.878926+05:30 For ChaitanyaMurarka Checking Short Exit Condtion for HDFCBANK with current CE ltp 17.15 & PE ltp 32.05
2023-08-18 14:56:55.322808+05:30 For ChaitanyaMurarka Checking Short Exit Condtion for INFY with current CE ltp 16.6 & PE ltp 13.45
2023-08-18 14:56:55.780185+05:30 For ChaitanyaMurarka Checking Short Exit Condtion for SBIN with current CE ltp 8.3 & PE ltp 8.9
2023-08-18 14:56:56.218600+05:30 For ChaitanyaMurarka Checking Short Exit Condtion for BHARTIARTL with current CE ltp 10.2 & PE ltp 7.4
2023-08-18 14:56:56.996914+05:30 For ChaitanyaMurarka Checking Short Exit Condtion for RELIANCE with current CE ltp 45.65 & PE ltp 40.5
2023-08-18 14:56:57.421209+05:30 For ChaitanyaMurarka Checking Short Exit Condtion for HDFCBANK with current CE ltp 17.1 & PE ltp 32.05
2023-08-18 14:56:57.851247+05:30 For ChaitanyaMurarka Checking Short Exit Condtion for INFY with current CE ltp 16.6 & PE ltp 13.45
2023-08-18 14:56:58.274080+05:30 For ChaitanyaMurarka Checking Short Exit Condtion for SBIN with current CE ltp 8.3 & PE ltp 8.9
2023-08-18 14:56:58.705761+05:30 For ChaitanyaMurarka Checking Short Exit Condtion for BHARTIARTL with current CE ltp 10.2 & PE ltp 7.4
2023-08-18 14:56:59.492460+05:30 For ChaitanyaMurarka Checking Short Exit Condtion for RELIANCE with current CE ltp 45.55 & PE ltp 40.5
2023-08-18 14:56:59.924233+05:30 For ChaitanyaMurarka Checking Short Exit Condtion for HDFCBANK with current CE ltp 17.1 & PE ltp 32.05
2023-08-18 14:57:00.364264+05:30 For ChaitanyaMurarka Checking Short Exit Condtion for INFY with current CE ltp 16.6 & PE ltp 13.45
2023-08-18 14:57:00.794684+05:30 For ChaitanyaMurarka Checking Short Exit Condtion for SBIN with current CE ltp 8.25 & PE ltp 8.9
2023-08-18 14:57:01.227914+05:30 For ChaitanyaMurarka Checking Short Exit Condtion for BHARTIARTL with current CE ltp 10.2 & PE ltp 7.4
2023-08-18 14:57:01.992000+05:30 For ChaitanyaMurarka Checking Short Exit Condtion for RELIANCE with current CE ltp 45.45 & PE ltp 40.5
2023-08-18 14:57:02.428083+05:30 For ChaitanyaMurarka Checking Short Exit Condtion for HDFCBANK with current CE ltp 17.1 & PE ltp 32.05
2023-08-18 14:57:02.860834+05:30 For ChaitanyaMurarka Checking Short Exit Condtion for INFY with current CE ltp 16.6 & PE ltp 13.45
2023-08-18 14:57:03.303473+05:30 For ChaitanyaMurarka Checking Short Exit Condtion for SBIN with current CE ltp 8.25 & PE ltp 8.9
2023-08-18 14:57:03.776204+05:30 For ChaitanyaMurarka Checking Short Exit Condtion for BHARTIARTL with current CE ltp 10.2 & PE ltp 7.4
2023-08-18 14:57:04.563047+05:30 For ChaitanyaMurarka Checking Short Exit Condtion for RELIANCE with current CE ltp 45.7 & PE ltp 40.5
2023-08-18 14:57:05.010739+05:30 For ChaitanyaMurarka Checking Short Exit Condtion for HDFCBANK with current CE ltp 17.1 & PE ltp 32.05
2023-08-18 14:57:05.434352+05:30 For ChaitanyaMurarka Checking Short Exit Condtion for INFY with current CE ltp 16.6 & PE ltp 13.45
2023-08-18 14:57:05.867582+05:30 For ChaitanyaMurarka Checking Short Exit Condtion for SBIN with current CE ltp 8.3 & PE ltp 8.9
2023-08-18 14:57:06.297595+05:30 For ChaitanyaMurarka Checking Short Exit Condtion for BHARTIARTL with current CE ltp 10.1 & PE ltp 7.4
2023-08-18 14:57:07.068986+05:30 For ChaitanyaMurarka Checking Short Exit Condtion for RELIANCE with current CE ltp 45.95 & PE ltp 40.5
2023-08-18 14:57:07.502230+05:30 For ChaitanyaMurarka Checking Short Exit Condtion for HDFCBANK with current CE ltp 17.1 & PE ltp 32.05
2023-08-18 14:57:07.940995+05:30 For ChaitanyaMurarka Checking Short Exit Condtion for INFY with current CE ltp 16.4 & PE ltp 13.45
2023-08-18 14:57:08.373032+05:30 For ChaitanyaMurarka Checking Short Exit Condtion for SBIN with current CE ltp 8.3 & PE ltp 8.9
2023-08-18 14:57:08.790035+05:30 For ChaitanyaMurarka Checking Short Exit Condtion for BHARTIARTL with current CE ltp 10.1 & PE ltp 7.4
2023-08-18 14:57:09.576449+05:30 For ChaitanyaMurarka Checking Short Exit Condtion for RELIANCE with current CE ltp 45.95 & PE ltp 40.15
2023-08-18 14:57:09.995984+05:30 For ChaitanyaMurarka Checking Short Exit Condtion for HDFCBANK with current CE ltp 17.1 & PE ltp 32.05
2023-08-18 14:57:10.425541+05:30 For ChaitanyaMurarka Checking Short Exit Condtion for INFY with current CE ltp 16.5 & PE ltp 13.45
2023-08-18 14:57:10.847893+05:30 For ChaitanyaMurarka Checking Short Exit Condtion for SBIN with current CE ltp 8.3 & PE ltp 8.9
2023-08-18 14:57:11.280994+05:30 For ChaitanyaMurarka Checking Short Exit Condtion for BHARTIARTL with current CE ltp 10.1 & PE ltp 7.4
2023-08-18 14:57:12.052739+05:30 For ChaitanyaMurarka Checking Short Exit Condtion for RELIANCE with current CE ltp 45.8 & PE ltp 40.15
2023-08-18 14:57:12.501603+05:30 For ChaitanyaMurarka Checking Short Exit Condtion for HDFCBANK with current CE ltp 17.05 & PE ltp 32.05
2023-08-18 14:57:12.933939+05:30 For ChaitanyaMurarka Checking Short Exit Condtion for INFY with current CE ltp 16.5 & PE ltp 13.45
2023-08-18 14:57:13.357216+05:30 For ChaitanyaMurarka Checking Short Exit Condtion for SBIN with current CE ltp 8.3 & PE ltp 8.9
2023-08-18 14:57:13.837212+05:30 For ChaitanyaMurarka Checking Short Exit Condtion for BHARTIARTL with current CE ltp 10.1 & PE ltp 7.4
2023-08-18 14:57:14.646644+05:30 For ChaitanyaMurarka Checking Short Exit Condtion for RELIANCE with current CE ltp 45.8 & PE ltp 40.15
2023-08-18 14:57:15.087775+05:30 For ChaitanyaMurarka Checking Short Exit Condtion for HDFCBANK with current CE ltp 17.05 & PE ltp 32.05
2023-08-18 14:57:15.545428+05:30 For ChaitanyaMurarka Checking Short Exit Condtion for INFY with current CE ltp 16.5 & PE ltp 13.45
2023-08-18 14:57:15.989678+05:30 For ChaitanyaMurarka Checking Short Exit Condtion for SBIN with current CE ltp 8.3 & PE ltp 8.85
2023-08-18 14:57:16.424016+05:30 For ChaitanyaMurarka Checking Short Exit Condtion for BHARTIARTL with current CE ltp 10.2 & PE ltp 7.4
2023-08-18 14:57:17.210544+05:30 For ChaitanyaMurarka Checking Short Exit Condtion for RELIANCE with current CE ltp 45.8 & PE ltp 40.15
2023-08-18 14:57:17.656430+05:30 For ChaitanyaMurarka Checking Short Exit Condtion for HDFCBANK with current CE ltp 17.05 & PE ltp 32.05
2023-08-18 14:57:18.088087+05:30 For ChaitanyaMurarka Checking Short Exit Condtion for INFY with current CE ltp 16.6 & PE ltp 13.45
2023-08-18 14:57:18.520257+05:30 For ChaitanyaMurarka Checking Short Exit Condtion for SBIN with current CE ltp 8.3 & PE ltp 8.85
2023-08-18 14:57:18.988862+05:30 For ChaitanyaMurarka Checking Short Exit Condtion for BHARTIARTL with current CE ltp 10.2 & PE ltp 7.4
2023-08-18 14:57:19.779329+05:30 For ChaitanyaMurarka Checking Short Exit Condtion for RELIANCE with current CE ltp 45.6 & PE ltp 40.15
2023-08-18 14:57:20.218613+05:30 For ChaitanyaMurarka Checking Short Exit Condtion for HDFCBANK with current CE ltp 17.05 & PE ltp 32.05
2023-08-18 14:57:20.656493+05:30 For ChaitanyaMurarka Checking Short Exit Condtion for INFY with current CE ltp 16.9 & PE ltp 13.05
2023-08-18 14:57:21.104471+05:30 For ChaitanyaMurarka Checking Short Exit Condtion for SBIN with current CE ltp 8.3 & PE ltp 8.85
2023-08-18 14:57:21.543415+05:30 For ChaitanyaMurarka Checking Short Exit Condtion for BHARTIARTL with current CE ltp 10.2 & PE ltp 7.4
2023-08-18 14:57:22.306874+05:30 For ChaitanyaMurarka Checking Short Exit Condtion for RELIANCE with current CE ltp 45.6 & PE ltp 40.15
2023-08-18 14:57:22.739384+05:30 For ChaitanyaMurarka Checking Short Exit Condtion for HDFCBANK with current CE ltp 17.05 & PE ltp 32.05
2023-08-18 14:57:23.172754+05:30 For ChaitanyaMurarka Checking Short Exit Condtion for INFY with current CE ltp 16.8 & PE ltp 13.2
2023-08-18 14:57:23.618510+05:30 For ChaitanyaMurarka Checking Short Exit Condtion for SBIN with current CE ltp 8.3 & PE ltp 8.85
2023-08-18 14:57:24.051910+05:30 For ChaitanyaMurarka Checking Short Exit Condtion for BHARTIARTL with current CE ltp 10.2 & PE ltp 7.4
2023-08-18 14:57:24.842379+05:30 For ChaitanyaMurarka Checking Short Exit Condtion for RELIANCE with current CE ltp 45.25 & PE ltp 40.15
2023-08-18 14:57:25.271361+05:30 For ChaitanyaMurarka Checking Short Exit Condtion for HDFCBANK with current CE ltp 17.05 & PE ltp 32.05
2023-08-18 14:57:25.710188+05:30 For ChaitanyaMurarka Checking Short Exit Condtion for INFY with current CE ltp 16.8 & PE ltp 13.4
2023-08-18 14:57:26.153833+05:30 For ChaitanyaMurarka Checking Short Exit Condtion for SBIN with current CE ltp 8.3 & PE ltp 8.85
2023-08-18 14:57:26.585816+05:30 For ChaitanyaMurarka Checking Short Exit Condtion for BHARTIARTL with current CE ltp 10.2 & PE ltp 7.35
2023-08-18 14:57:27.365274+05:30 For ChaitanyaMurarka Checking Short Exit Condtion for RELIANCE with current CE ltp 45.25 & PE ltp 41
2023-08-18 14:57:27.805520+05:30 For ChaitanyaMurarka Checking Short Exit Condtion for HDFCBANK with current CE ltp 17.05 & PE ltp 32.05
2023-08-18 14:57:28.242811+05:30 For ChaitanyaMurarka Checking Short Exit Condtion for INFY with current CE ltp 16.4 & PE ltp 13.4
2023-08-18 14:57:28.683973+05:30 For ChaitanyaMurarka Checking Short Exit Condtion for SBIN with current CE ltp 8.3 & PE ltp 9
2023-08-18 14:57:29.123042+05:30 For ChaitanyaMurarka Checking Short Exit Condtion for BHARTIARTL with current CE ltp 10.2 & PE ltp 7.35
2023-08-18 14:57:30.187933+05:30 For ChaitanyaMurarka Checking Short Exit Condtion for RELIANCE with current CE ltp 44.95 & PE ltp 41
2023-08-18 14:57:30.652477+05:30 For ChaitanyaMurarka Checking Short Exit Condtion for HDFCBANK with current CE ltp 17.05 & PE ltp 32.05
2023-08-18 14:57:31.125061+05:30 For ChaitanyaMurarka Checking Short Exit Condtion for INFY with current CE ltp 16.4 & PE ltp 13.4
2023-08-18 14:57:31.677390+05:30 For ChaitanyaMurarka Checking Short Exit Condtion for SBIN with current CE ltp 8.3 & PE ltp 9
